2019-06-06 17:49:13	admin	http://localhost/	Parse Error: 	syntax error, unexpected '<', expecting end of file (line 10 of C:\My workspace\processwire-dev\site\assets\cache\FileCompiler\site\templates\home.php)
2019-06-06 19:21:05	admin	http://localhost/	Parse Error: 	syntax error, unexpected '!', expecting ',' or ';' (line 11 of C:\My workspace\processwire-dev\site\assets\cache\FileCompiler\site\templates\home.php)
2019-06-07 07:58:19	guest	http://localhost/	Parse Error: 	syntax error, unexpected '}', expecting end of file (line 14 of C:\My workspace\processwire-dev\site\assets\cache\FileCompiler\site\templates\home.php)
2019-06-07 08:28:14	admin	http://localhost/	Fatal Error: 	Uncaught Error: Call to a member function get() on null in C:\My workspace\processwire-dev\site\assets\cache\FileCompiler\site\templates\home.php:14 Stack trace: #0 C:\My workspace\processwire-dev\wire\core\TemplateFile.php(287): require() #1 C:\My workspace\processwire-dev\wire\core\Wire.php(380): ProcessWire\TemplateFile->___render() #2 C:\My workspace\processwire-dev\wire\core\WireHooks.php(733): ProcessWire\Wire->_callMethod('___render', Array) #3 C:\My workspace\processwire-dev\wire\core\Wire.php(442): ProcessWire\WireHooks->runHooks(Object(ProcessWire\TemplateFile), 'render', Array) #4 C:\My workspace\processwire-dev\wire\modules\PageRender.module(514): ProcessWire\Wire->__call('render', Array) #5 C:\My workspace\processwire-dev\wire\core\Wire.php(383): ProcessWire\PageRender->___renderPage(Object(ProcessWire\HookEvent)) #6 C:\My workspace\processwire-dev\wire\core\WireHooks.php(733): ProcessWire\Wire->_callMethod('___renderPage', Array) #7 C:\My workspace\processwire-dev\wire\core\Wire.php(442): Proces (line 14 of C:\My workspace\processwire-dev\site\assets\cache\FileCompiler\site\templates\home.php)
2019-06-07 08:28:55	admin	http://localhost/	Fatal Error: 	Uncaught Error: Call to a member function get() on null in C:\My workspace\processwire-dev\site\assets\cache\FileCompiler\site\templates\home.php:14 Stack trace: #0 C:\My workspace\processwire-dev\wire\core\TemplateFile.php(287): require() #1 C:\My workspace\processwire-dev\wire\core\Wire.php(380): ProcessWire\TemplateFile->___render() #2 C:\My workspace\processwire-dev\wire\core\WireHooks.php(733): ProcessWire\Wire->_callMethod('___render', Array) #3 C:\My workspace\processwire-dev\wire\core\Wire.php(442): ProcessWire\WireHooks->runHooks(Object(ProcessWire\TemplateFile), 'render', Array) #4 C:\My workspace\processwire-dev\wire\modules\PageRender.module(514): ProcessWire\Wire->__call('render', Array) #5 C:\My workspace\processwire-dev\wire\core\Wire.php(383): ProcessWire\PageRender->___renderPage(Object(ProcessWire\HookEvent)) #6 C:\My workspace\processwire-dev\wire\core\WireHooks.php(733): ProcessWire\Wire->_callMethod('___renderPage', Array) #7 C:\My workspace\processwire-dev\wire\core\Wire.php(442): Proces (line 14 of C:\My workspace\processwire-dev\site\assets\cache\FileCompiler\site\templates\home.php)
2019-06-07 08:29:19	admin	http://localhost/	Fatal Error: 	Uncaught Error: Call to a member function get() on null in C:\My workspace\processwire-dev\site\assets\cache\FileCompiler\site\templates\home.php:14 Stack trace: #0 C:\My workspace\processwire-dev\wire\core\TemplateFile.php(287): require() #1 C:\My workspace\processwire-dev\wire\core\Wire.php(380): ProcessWire\TemplateFile->___render() #2 C:\My workspace\processwire-dev\wire\core\WireHooks.php(733): ProcessWire\Wire->_callMethod('___render', Array) #3 C:\My workspace\processwire-dev\wire\core\Wire.php(442): ProcessWire\WireHooks->runHooks(Object(ProcessWire\TemplateFile), 'render', Array) #4 C:\My workspace\processwire-dev\wire\modules\PageRender.module(514): ProcessWire\Wire->__call('render', Array) #5 C:\My workspace\processwire-dev\wire\core\Wire.php(383): ProcessWire\PageRender->___renderPage(Object(ProcessWire\HookEvent)) #6 C:\My workspace\processwire-dev\wire\core\WireHooks.php(733): ProcessWire\Wire->_callMethod('___renderPage', Array) #7 C:\My workspace\processwire-dev\wire\core\Wire.php(442): Proces (line 14 of C:\My workspace\processwire-dev\site\assets\cache\FileCompiler\site\templates\home.php)
2019-06-07 08:29:38	admin	http://localhost/	Fatal Error: 	Uncaught Error: Call to a member function get() on null in C:\My workspace\processwire-dev\site\assets\cache\FileCompiler\site\templates\home.php:14 Stack trace: #0 C:\My workspace\processwire-dev\wire\core\TemplateFile.php(287): require() #1 C:\My workspace\processwire-dev\wire\core\Wire.php(380): ProcessWire\TemplateFile->___render() #2 C:\My workspace\processwire-dev\wire\core\WireHooks.php(733): ProcessWire\Wire->_callMethod('___render', Array) #3 C:\My workspace\processwire-dev\wire\core\Wire.php(442): ProcessWire\WireHooks->runHooks(Object(ProcessWire\TemplateFile), 'render', Array) #4 C:\My workspace\processwire-dev\wire\modules\PageRender.module(514): ProcessWire\Wire->__call('render', Array) #5 C:\My workspace\processwire-dev\wire\core\Wire.php(383): ProcessWire\PageRender->___renderPage(Object(ProcessWire\HookEvent)) #6 C:\My workspace\processwire-dev\wire\core\WireHooks.php(733): ProcessWire\Wire->_callMethod('___renderPage', Array) #7 C:\My workspace\processwire-dev\wire\core\Wire.php(442): Proces (line 14 of C:\My workspace\processwire-dev\site\assets\cache\FileCompiler\site\templates\home.php)
2019-06-07 08:29:40	admin	http://localhost/	Fatal Error: 	Uncaught Error: Call to a member function get() on null in C:\My workspace\processwire-dev\site\assets\cache\FileCompiler\site\templates\home.php:14 Stack trace: #0 C:\My workspace\processwire-dev\wire\core\TemplateFile.php(287): require() #1 C:\My workspace\processwire-dev\wire\core\Wire.php(380): ProcessWire\TemplateFile->___render() #2 C:\My workspace\processwire-dev\wire\core\WireHooks.php(733): ProcessWire\Wire->_callMethod('___render', Array) #3 C:\My workspace\processwire-dev\wire\core\Wire.php(442): ProcessWire\WireHooks->runHooks(Object(ProcessWire\TemplateFile), 'render', Array) #4 C:\My workspace\processwire-dev\wire\modules\PageRender.module(514): ProcessWire\Wire->__call('render', Array) #5 C:\My workspace\processwire-dev\wire\core\Wire.php(383): ProcessWire\PageRender->___renderPage(Object(ProcessWire\HookEvent)) #6 C:\My workspace\processwire-dev\wire\core\WireHooks.php(733): ProcessWire\Wire->_callMethod('___renderPage', Array) #7 C:\My workspace\processwire-dev\wire\core\Wire.php(442): Proces (line 14 of C:\My workspace\processwire-dev\site\assets\cache\FileCompiler\site\templates\home.php)
2019-06-07 08:29:59	admin	http://localhost/	Fatal Error: 	Uncaught Error: Call to a member function get() on null in C:\My workspace\processwire-dev\site\assets\cache\FileCompiler\site\templates\home.php:14 Stack trace: #0 C:\My workspace\processwire-dev\wire\core\TemplateFile.php(287): require() #1 C:\My workspace\processwire-dev\wire\core\Wire.php(380): ProcessWire\TemplateFile->___render() #2 C:\My workspace\processwire-dev\wire\core\WireHooks.php(733): ProcessWire\Wire->_callMethod('___render', Array) #3 C:\My workspace\processwire-dev\wire\core\Wire.php(442): ProcessWire\WireHooks->runHooks(Object(ProcessWire\TemplateFile), 'render', Array) #4 C:\My workspace\processwire-dev\wire\modules\PageRender.module(514): ProcessWire\Wire->__call('render', Array) #5 C:\My workspace\processwire-dev\wire\core\Wire.php(383): ProcessWire\PageRender->___renderPage(Object(ProcessWire\HookEvent)) #6 C:\My workspace\processwire-dev\wire\core\WireHooks.php(733): ProcessWire\Wire->_callMethod('___renderPage', Array) #7 C:\My workspace\processwire-dev\wire\core\Wire.php(442): Proces (line 14 of C:\My workspace\processwire-dev\site\assets\cache\FileCompiler\site\templates\home.php)
2019-06-07 08:34:10	admin	http://localhost/	Fatal Error: 	Uncaught Error: Call to a member function get() on null in C:\My workspace\processwire-dev\site\assets\cache\FileCompiler\site\templates\home.php:14 Stack trace: #0 C:\My workspace\processwire-dev\wire\core\TemplateFile.php(287): require() #1 C:\My workspace\processwire-dev\wire\core\Wire.php(380): ProcessWire\TemplateFile->___render() #2 C:\My workspace\processwire-dev\wire\core\WireHooks.php(733): ProcessWire\Wire->_callMethod('___render', Array) #3 C:\My workspace\processwire-dev\wire\core\Wire.php(442): ProcessWire\WireHooks->runHooks(Object(ProcessWire\TemplateFile), 'render', Array) #4 C:\My workspace\processwire-dev\wire\modules\PageRender.module(514): ProcessWire\Wire->__call('render', Array) #5 C:\My workspace\processwire-dev\wire\core\Wire.php(383): ProcessWire\PageRender->___renderPage(Object(ProcessWire\HookEvent)) #6 C:\My workspace\processwire-dev\wire\core\WireHooks.php(733): ProcessWire\Wire->_callMethod('___renderPage', Array) #7 C:\My workspace\processwire-dev\wire\core\Wire.php(442): Proces (line 14 of C:\My workspace\processwire-dev\site\assets\cache\FileCompiler\site\templates\home.php)
2019-06-07 08:37:01	admin	http://localhost/	Fatal Error: 	Uncaught Error: Call to a member function get() on null in C:\My workspace\processwire-dev\site\assets\cache\FileCompiler\site\templates\home.php:14 Stack trace: #0 C:\My workspace\processwire-dev\wire\core\TemplateFile.php(287): require() #1 C:\My workspace\processwire-dev\wire\core\Wire.php(380): ProcessWire\TemplateFile->___render() #2 C:\My workspace\processwire-dev\wire\core\WireHooks.php(733): ProcessWire\Wire->_callMethod('___render', Array) #3 C:\My workspace\processwire-dev\wire\core\Wire.php(442): ProcessWire\WireHooks->runHooks(Object(ProcessWire\TemplateFile), 'render', Array) #4 C:\My workspace\processwire-dev\wire\modules\PageRender.module(514): ProcessWire\Wire->__call('render', Array) #5 C:\My workspace\processwire-dev\wire\core\Wire.php(383): ProcessWire\PageRender->___renderPage(Object(ProcessWire\HookEvent)) #6 C:\My workspace\processwire-dev\wire\core\WireHooks.php(733): ProcessWire\Wire->_callMethod('___renderPage', Array) #7 C:\My workspace\processwire-dev\wire\core\Wire.php(442): Proces (line 14 of C:\My workspace\processwire-dev\site\assets\cache\FileCompiler\site\templates\home.php)
2019-06-07 08:39:27	admin	http://localhost/	Fatal Error: 	Uncaught Error: Call to a member function get() on null in C:\My workspace\processwire-dev\site\assets\cache\FileCompiler\site\templates\home.php:14 Stack trace: #0 C:\My workspace\processwire-dev\wire\core\TemplateFile.php(287): require() #1 C:\My workspace\processwire-dev\wire\core\Wire.php(380): ProcessWire\TemplateFile->___render() #2 C:\My workspace\processwire-dev\wire\core\WireHooks.php(733): ProcessWire\Wire->_callMethod('___render', Array) #3 C:\My workspace\processwire-dev\wire\core\Wire.php(442): ProcessWire\WireHooks->runHooks(Object(ProcessWire\TemplateFile), 'render', Array) #4 C:\My workspace\processwire-dev\wire\modules\PageRender.module(514): ProcessWire\Wire->__call('render', Array) #5 C:\My workspace\processwire-dev\wire\core\Wire.php(383): ProcessWire\PageRender->___renderPage(Object(ProcessWire\HookEvent)) #6 C:\My workspace\processwire-dev\wire\core\WireHooks.php(733): ProcessWire\Wire->_callMethod('___renderPage', Array) #7 C:\My workspace\processwire-dev\wire\core\Wire.php(442): Proces (line 14 of C:\My workspace\processwire-dev\site\assets\cache\FileCompiler\site\templates\home.php)
2019-06-07 08:52:16	admin	http://localhost/	Fatal Error: 	Uncaught Error: Call to a member function get() on null in C:\My workspace\processwire-dev\site\assets\cache\FileCompiler\site\templates\home.php:14 Stack trace: #0 C:\My workspace\processwire-dev\wire\core\TemplateFile.php(287): require() #1 C:\My workspace\processwire-dev\wire\core\Wire.php(380): ProcessWire\TemplateFile->___render() #2 C:\My workspace\processwire-dev\wire\core\WireHooks.php(733): ProcessWire\Wire->_callMethod('___render', Array) #3 C:\My workspace\processwire-dev\wire\core\Wire.php(442): ProcessWire\WireHooks->runHooks(Object(ProcessWire\TemplateFile), 'render', Array) #4 C:\My workspace\processwire-dev\wire\modules\PageRender.module(514): ProcessWire\Wire->__call('render', Array) #5 C:\My workspace\processwire-dev\wire\core\Wire.php(383): ProcessWire\PageRender->___renderPage(Object(ProcessWire\HookEvent)) #6 C:\My workspace\processwire-dev\wire\core\WireHooks.php(733): ProcessWire\Wire->_callMethod('___renderPage', Array) #7 C:\My workspace\processwire-dev\wire\core\Wire.php(442): Proces (line 14 of C:\My workspace\processwire-dev\site\assets\cache\FileCompiler\site\templates\home.php)
2019-06-07 08:57:05	admin	http://localhost/	Fatal Error: 	Uncaught Error: Call to a member function get() on null in C:\My workspace\processwire-dev\site\assets\cache\FileCompiler\site\templates\home.php:14 Stack trace: #0 C:\My workspace\processwire-dev\wire\core\TemplateFile.php(287): require() #1 C:\My workspace\processwire-dev\wire\core\Wire.php(380): ProcessWire\TemplateFile->___render() #2 C:\My workspace\processwire-dev\wire\core\WireHooks.php(733): ProcessWire\Wire->_callMethod('___render', Array) #3 C:\My workspace\processwire-dev\wire\core\Wire.php(442): ProcessWire\WireHooks->runHooks(Object(ProcessWire\TemplateFile), 'render', Array) #4 C:\My workspace\processwire-dev\wire\modules\PageRender.module(514): ProcessWire\Wire->__call('render', Array) #5 C:\My workspace\processwire-dev\wire\core\Wire.php(383): ProcessWire\PageRender->___renderPage(Object(ProcessWire\HookEvent)) #6 C:\My workspace\processwire-dev\wire\core\WireHooks.php(733): ProcessWire\Wire->_callMethod('___renderPage', Array) #7 C:\My workspace\processwire-dev\wire\core\Wire.php(442): Proces (line 14 of C:\My workspace\processwire-dev\site\assets\cache\FileCompiler\site\templates\home.php)
2019-06-07 08:59:04	admin	http://localhost/	Fatal Error: 	Uncaught Error: Call to a member function get() on null in C:\My workspace\processwire-dev\site\assets\cache\FileCompiler\site\templates\home.php:13 Stack trace: #0 C:\My workspace\processwire-dev\wire\core\TemplateFile.php(287): require() #1 C:\My workspace\processwire-dev\wire\core\Wire.php(380): ProcessWire\TemplateFile->___render() #2 C:\My workspace\processwire-dev\wire\core\WireHooks.php(733): ProcessWire\Wire->_callMethod('___render', Array) #3 C:\My workspace\processwire-dev\wire\core\Wire.php(442): ProcessWire\WireHooks->runHooks(Object(ProcessWire\TemplateFile), 'render', Array) #4 C:\My workspace\processwire-dev\wire\modules\PageRender.module(514): ProcessWire\Wire->__call('render', Array) #5 C:\My workspace\processwire-dev\wire\core\Wire.php(383): ProcessWire\PageRender->___renderPage(Object(ProcessWire\HookEvent)) #6 C:\My workspace\processwire-dev\wire\core\WireHooks.php(733): ProcessWire\Wire->_callMethod('___renderPage', Array) #7 C:\My workspace\processwire-dev\wire\core\Wire.php(442): Proces (line 13 of C:\My workspace\processwire-dev\site\assets\cache\FileCompiler\site\templates\home.php)
2019-06-07 09:02:55	admin	http://localhost/	Fatal Error: 	Uncaught Error: Call to a member function get() on null in C:\My workspace\processwire-dev\site\assets\cache\FileCompiler\site\templates\home.php:13 Stack trace: #0 C:\My workspace\processwire-dev\wire\core\TemplateFile.php(287): require() #1 C:\My workspace\processwire-dev\wire\core\Wire.php(380): ProcessWire\TemplateFile->___render() #2 C:\My workspace\processwire-dev\wire\core\WireHooks.php(733): ProcessWire\Wire->_callMethod('___render', Array) #3 C:\My workspace\processwire-dev\wire\core\Wire.php(442): ProcessWire\WireHooks->runHooks(Object(ProcessWire\TemplateFile), 'render', Array) #4 C:\My workspace\processwire-dev\wire\modules\PageRender.module(514): ProcessWire\Wire->__call('render', Array) #5 C:\My workspace\processwire-dev\wire\core\Wire.php(383): ProcessWire\PageRender->___renderPage(Object(ProcessWire\HookEvent)) #6 C:\My workspace\processwire-dev\wire\core\WireHooks.php(733): ProcessWire\Wire->_callMethod('___renderPage', Array) #7 C:\My workspace\processwire-dev\wire\core\Wire.php(442): Proces (line 13 of C:\My workspace\processwire-dev\site\assets\cache\FileCompiler\site\templates\home.php)
2019-06-07 09:05:49	admin	http://localhost/	Fatal Error: 	Uncaught Error: Call to a member function get() on null in C:\My workspace\processwire-dev\site\assets\cache\FileCompiler\site\templates\home.php:13 Stack trace: #0 C:\My workspace\processwire-dev\wire\core\TemplateFile.php(287): require() #1 C:\My workspace\processwire-dev\wire\core\Wire.php(380): ProcessWire\TemplateFile->___render() #2 C:\My workspace\processwire-dev\wire\core\WireHooks.php(733): ProcessWire\Wire->_callMethod('___render', Array) #3 C:\My workspace\processwire-dev\wire\core\Wire.php(442): ProcessWire\WireHooks->runHooks(Object(ProcessWire\TemplateFile), 'render', Array) #4 C:\My workspace\processwire-dev\wire\modules\PageRender.module(514): ProcessWire\Wire->__call('render', Array) #5 C:\My workspace\processwire-dev\wire\core\Wire.php(383): ProcessWire\PageRender->___renderPage(Object(ProcessWire\HookEvent)) #6 C:\My workspace\processwire-dev\wire\core\WireHooks.php(733): ProcessWire\Wire->_callMethod('___renderPage', Array) #7 C:\My workspace\processwire-dev\wire\core\Wire.php(442): Proces (line 13 of C:\My workspace\processwire-dev\site\assets\cache\FileCompiler\site\templates\home.php)
2019-06-07 09:08:29	admin	http://localhost/	Fatal Error: 	Uncaught Error: Call to a member function get() on null in C:\My workspace\processwire-dev\site\assets\cache\FileCompiler\site\templates\home.php:13 Stack trace: #0 C:\My workspace\processwire-dev\wire\core\TemplateFile.php(287): require() #1 C:\My workspace\processwire-dev\wire\core\Wire.php(380): ProcessWire\TemplateFile->___render() #2 C:\My workspace\processwire-dev\wire\core\WireHooks.php(733): ProcessWire\Wire->_callMethod('___render', Array) #3 C:\My workspace\processwire-dev\wire\core\Wire.php(442): ProcessWire\WireHooks->runHooks(Object(ProcessWire\TemplateFile), 'render', Array) #4 C:\My workspace\processwire-dev\wire\modules\PageRender.module(514): ProcessWire\Wire->__call('render', Array) #5 C:\My workspace\processwire-dev\wire\core\Wire.php(383): ProcessWire\PageRender->___renderPage(Object(ProcessWire\HookEvent)) #6 C:\My workspace\processwire-dev\wire\core\WireHooks.php(733): ProcessWire\Wire->_callMethod('___renderPage', Array) #7 C:\My workspace\processwire-dev\wire\core\Wire.php(442): Proces (line 13 of C:\My workspace\processwire-dev\site\assets\cache\FileCompiler\site\templates\home.php)
2019-06-07 09:16:46	?	http://localhost/	Fatal Error: 	Uncaught Error: Class 'WireData' not found in C:\My workspace\processwire-dev\site\modules\AllInOneMinify\AllInOneMinify.module:31 Stack trace: #0 C:\My workspace\processwire-dev\wire\core\Modules.php(1545): include_once() #1 C:\My workspace\processwire-dev\wire\core\Modules.php(1026): ProcessWire\Modules->includeModuleFile('C:/My workspace...', 'AllInOneMinify') #2 C:\My workspace\processwire-dev\wire\core\Modules.php(848): ProcessWire\Modules->loadModule('C:/My workspace...', 'C:/My workspace...', Array, Array) #3 C:\My workspace\processwire-dev\wire\core\Modules.php(369): ProcessWire\Modules->load('C:/My workspace...') #4 C:\My workspace\processwire-dev\wire\core\ProcessWire.php(411): ProcessWire\Modules->init() #5 C:\My workspace\processwire-dev\wire\core\ProcessWire.php(209): ProcessWire\ProcessWire->load(Object(ProcessWire\Config)) #6 C:\My workspace\processwire-dev\index.php(52): ProcessWire\ProcessWire->__construct(Object(ProcessWire\Config)) #7 {main}   thrown (line 31 of C:\My workspace\processwire-dev\site\modules\AllInOneMinify\AllInOneMinify.module)
2019-06-07 09:16:48	?	http://localhost/	Fatal Error: 	Uncaught Error: Class 'WireData' not found in C:\My workspace\processwire-dev\site\modules\AllInOneMinify\AllInOneMinify.module:31 Stack trace: #0 C:\My workspace\processwire-dev\wire\core\Modules.php(1545): include_once() #1 C:\My workspace\processwire-dev\wire\core\Modules.php(1026): ProcessWire\Modules->includeModuleFile('C:/My workspace...', 'AllInOneMinify') #2 C:\My workspace\processwire-dev\wire\core\Modules.php(848): ProcessWire\Modules->loadModule('C:/My workspace...', 'C:/My workspace...', Array, Array) #3 C:\My workspace\processwire-dev\wire\core\Modules.php(369): ProcessWire\Modules->load('C:/My workspace...') #4 C:\My workspace\processwire-dev\wire\core\ProcessWire.php(411): ProcessWire\Modules->init() #5 C:\My workspace\processwire-dev\wire\core\ProcessWire.php(209): ProcessWire\ProcessWire->load(Object(ProcessWire\Config)) #6 C:\My workspace\processwire-dev\index.php(52): ProcessWire\ProcessWire->__construct(Object(ProcessWire\Config)) #7 {main}   thrown (line 31 of C:\My workspace\processwire-dev\site\modules\AllInOneMinify\AllInOneMinify.module)
2019-06-07 09:16:49	?	http://localhost/	Fatal Error: 	Uncaught Error: Class 'WireData' not found in C:\My workspace\processwire-dev\site\modules\AllInOneMinify\AllInOneMinify.module:31 Stack trace: #0 C:\My workspace\processwire-dev\wire\core\Modules.php(1545): include_once() #1 C:\My workspace\processwire-dev\wire\core\Modules.php(1026): ProcessWire\Modules->includeModuleFile('C:/My workspace...', 'AllInOneMinify') #2 C:\My workspace\processwire-dev\wire\core\Modules.php(848): ProcessWire\Modules->loadModule('C:/My workspace...', 'C:/My workspace...', Array, Array) #3 C:\My workspace\processwire-dev\wire\core\Modules.php(369): ProcessWire\Modules->load('C:/My workspace...') #4 C:\My workspace\processwire-dev\wire\core\ProcessWire.php(411): ProcessWire\Modules->init() #5 C:\My workspace\processwire-dev\wire\core\ProcessWire.php(209): ProcessWire\ProcessWire->load(Object(ProcessWire\Config)) #6 C:\My workspace\processwire-dev\index.php(52): ProcessWire\ProcessWire->__construct(Object(ProcessWire\Config)) #7 {main}   thrown (line 31 of C:\My workspace\processwire-dev\site\modules\AllInOneMinify\AllInOneMinify.module)
2019-06-07 17:47:30	admin	http://localhost/admin/setup/languages/add/	SQLSTATE[42S21]: Column already exists: 1060 Duplicate column name 'name1067'
2019-06-07 19:23:38	admin	http://localhost/	Error: 	Exception: Unknown language sent to Page::getLanguageValue (in C:\My workspace\processwire-dev\wire\modules\LanguageSupport\LanguageSupport.module line 796)  #0 C:\My workspace\processwire-dev\wire\core\WireHooks.php(834): ProcessWire\LanguageSupport->hookPageGetLanguageValue(Object(ProcessWire\HookEvent)) #1 C:\My workspace\processwire-dev\wire\core\Wire.php(442): ProcessWire\WireHooks->runHooks(Object(ProcessWire\Page), 'getLanguageValu...', Array) #2 C:\My workspace\processwire-dev\site\templates\includes\head.inc(77): ProcessWire\Wire->__call('getLanguageValu...', Array) #3 C:\My workspace\processwire-dev\site\assets\cache\FileCompiler\site\templates\home.php(8): include('C:\\My workspace...') #4 C:\My workspace\processwire-dev\wire\core\TemplateFile.php(287): require('C:\\My workspace...') #5 C:\My workspace\processwire-dev\wire\core\Wire.php(380): ProcessWire\TemplateFile->___render() #6 C:\My workspace\processwire-dev\wire\core\WireHooks.php(733): ProcessWire\Wire->_callMethod('___render', Array) #7 C:
2019-06-07 20:59:19	admin	http://localhost/admin/setup/languages/add/	SQLSTATE[42S21]: Column already exists: 1060 Duplicate column name 'name1068'
2019-06-08 23:58:19	admin	http://localhost/	Fatal Error: 	Uncaught Error: Call to undefined function ehco\ProcessWire\__() in C:\My workspace\processwire-dev\site\assets\cache\FileCompiler\site\templates\includes\foot.inc:15 Stack trace: #0 C:\My workspace\processwire-dev\site\assets\cache\FileCompiler\site\templates\home.php(161): include() #1 C:\My workspace\processwire-dev\wire\core\TemplateFile.php(287): require('C:\\My workspace...') #2 C:\My workspace\processwire-dev\wire\core\Wire.php(380): ProcessWire\TemplateFile->___render() #3 C:\My workspace\processwire-dev\wire\core\WireHooks.php(733): ProcessWire\Wire->_callMethod('___render', Array) #4 C:\My workspace\processwire-dev\wire\core\Wire.php(442): ProcessWire\WireHooks->runHooks(Object(ProcessWire\TemplateFile), 'render', Array) #5 C:\My workspace\processwire-dev\wire\modules\PageRender.module(514): ProcessWire\Wire->__call('render', Array) #6 C:\My workspace\processwire-dev\wire\core\Wire.php(383): ProcessWire\PageRender->___renderPage(Object(ProcessWire\HookEvent)) #7 C:\My workspace\processwire-dev\wire\ (line 15 of C:\My workspace\processwire-dev\site\assets\cache\FileCompiler\site\templates\includes\foot.inc)
2019-06-08 23:58:40	admin	http://localhost/	Fatal Error: 	Uncaught Error: Call to undefined function ehco\ProcessWire\__() in C:\My workspace\processwire-dev\site\assets\cache\FileCompiler\site\templates\includes\foot.inc:15 Stack trace: #0 C:\My workspace\processwire-dev\site\assets\cache\FileCompiler\site\templates\home.php(161): include() #1 C:\My workspace\processwire-dev\wire\core\TemplateFile.php(287): require('C:\\My workspace...') #2 C:\My workspace\processwire-dev\wire\core\Wire.php(380): ProcessWire\TemplateFile->___render() #3 C:\My workspace\processwire-dev\wire\core\WireHooks.php(733): ProcessWire\Wire->_callMethod('___render', Array) #4 C:\My workspace\processwire-dev\wire\core\Wire.php(442): ProcessWire\WireHooks->runHooks(Object(ProcessWire\TemplateFile), 'render', Array) #5 C:\My workspace\processwire-dev\wire\modules\PageRender.module(514): ProcessWire\Wire->__call('render', Array) #6 C:\My workspace\processwire-dev\wire\core\Wire.php(383): ProcessWire\PageRender->___renderPage(Object(ProcessWire\HookEvent)) #7 C:\My workspace\processwire-dev\wire\ (line 15 of C:\My workspace\processwire-dev\site\assets\cache\FileCompiler\site\templates\includes\foot.inc)
2019-06-09 00:08:42	admin	http://localhost/en/	Fatal Error: 	Uncaught Error: Class 'ProcessWire\AIOM' not found in C:\My workspace\processwire-dev\site\templates\includes\head.inc:39 Stack trace: #0 C:\My workspace\processwire-dev\site\assets\cache\FileCompiler\site\templates\home.php(8): include() #1 C:\My workspace\processwire-dev\wire\core\TemplateFile.php(287): require('C:\\My workspace...') #2 C:\My workspace\processwire-dev\wire\core\Wire.php(380): ProcessWire\TemplateFile->___render() #3 C:\My workspace\processwire-dev\wire\core\WireHooks.php(733): ProcessWire\Wire->_callMethod('___render', Array) #4 C:\My workspace\processwire-dev\wire\core\Wire.php(442): ProcessWire\WireHooks->runHooks(Object(ProcessWire\TemplateFile), 'render', Array) #5 C:\My workspace\processwire-dev\wire\modules\PageRender.module(514): ProcessWire\Wire->__call('render', Array) #6 C:\My workspace\processwire-dev\wire\core\Wire.php(383): ProcessWire\PageRender->___renderPage(Object(ProcessWire\HookEvent)) #7 C:\My workspace\processwire-dev\wire\core\WireHooks.php(733): ProcessWire\Wire->_cal (line 39 of C:\My workspace\processwire-dev\site\templates\includes\head.inc)
2019-06-09 00:08:49	admin	http://localhost/en/	Fatal Error: 	Uncaught Error: Class 'ProcessWire\AIOM' not found in C:\My workspace\processwire-dev\site\templates\includes\head.inc:39 Stack trace: #0 C:\My workspace\processwire-dev\site\assets\cache\FileCompiler\site\templates\home.php(8): include() #1 C:\My workspace\processwire-dev\wire\core\TemplateFile.php(287): require('C:\\My workspace...') #2 C:\My workspace\processwire-dev\wire\core\Wire.php(380): ProcessWire\TemplateFile->___render() #3 C:\My workspace\processwire-dev\wire\core\WireHooks.php(733): ProcessWire\Wire->_callMethod('___render', Array) #4 C:\My workspace\processwire-dev\wire\core\Wire.php(442): ProcessWire\WireHooks->runHooks(Object(ProcessWire\TemplateFile), 'render', Array) #5 C:\My workspace\processwire-dev\wire\modules\PageRender.module(514): ProcessWire\Wire->__call('render', Array) #6 C:\My workspace\processwire-dev\wire\core\Wire.php(383): ProcessWire\PageRender->___renderPage(Object(ProcessWire\HookEvent)) #7 C:\My workspace\processwire-dev\wire\core\WireHooks.php(733): ProcessWire\Wire->_cal (line 39 of C:\My workspace\processwire-dev\site\templates\includes\head.inc)
2019-06-09 00:09:03	admin	http://localhost/en/	Fatal Error: 	Uncaught Error: Class 'ProcessWire\AIOM' not found in C:\My workspace\processwire-dev\site\templates\includes\head.inc:39 Stack trace: #0 C:\My workspace\processwire-dev\site\assets\cache\FileCompiler\site\templates\home.php(8): include() #1 C:\My workspace\processwire-dev\wire\core\TemplateFile.php(287): require('C:\\My workspace...') #2 C:\My workspace\processwire-dev\wire\core\Wire.php(380): ProcessWire\TemplateFile->___render() #3 C:\My workspace\processwire-dev\wire\core\WireHooks.php(733): ProcessWire\Wire->_callMethod('___render', Array) #4 C:\My workspace\processwire-dev\wire\core\Wire.php(442): ProcessWire\WireHooks->runHooks(Object(ProcessWire\TemplateFile), 'render', Array) #5 C:\My workspace\processwire-dev\wire\modules\PageRender.module(514): ProcessWire\Wire->__call('render', Array) #6 C:\My workspace\processwire-dev\wire\core\Wire.php(383): ProcessWire\PageRender->___renderPage(Object(ProcessWire\HookEvent)) #7 C:\My workspace\processwire-dev\wire\core\WireHooks.php(733): ProcessWire\Wire->_cal (line 39 of C:\My workspace\processwire-dev\site\templates\includes\head.inc)
2019-06-09 00:12:28	admin	http://localhost/en/	Fatal Error: 	Uncaught Error: Class 'ProcessWire\AIOM' not found in C:\My workspace\processwire-dev\site\templates\includes\head.inc:38 Stack trace: #0 C:\My workspace\processwire-dev\site\assets\cache\FileCompiler\site\templates\home.php(8): include() #1 C:\My workspace\processwire-dev\wire\core\TemplateFile.php(287): require('C:\\My workspace...') #2 C:\My workspace\processwire-dev\wire\core\Wire.php(380): ProcessWire\TemplateFile->___render() #3 C:\My workspace\processwire-dev\wire\core\WireHooks.php(733): ProcessWire\Wire->_callMethod('___render', Array) #4 C:\My workspace\processwire-dev\wire\core\Wire.php(442): ProcessWire\WireHooks->runHooks(Object(ProcessWire\TemplateFile), 'render', Array) #5 C:\My workspace\processwire-dev\wire\modules\PageRender.module(514): ProcessWire\Wire->__call('render', Array) #6 C:\My workspace\processwire-dev\wire\core\Wire.php(383): ProcessWire\PageRender->___renderPage(Object(ProcessWire\HookEvent)) #7 C:\My workspace\processwire-dev\wire\core\WireHooks.php(733): ProcessWire\Wire->_cal (line 38 of C:\My workspace\processwire-dev\site\templates\includes\head.inc)
2019-06-09 00:12:30	admin	http://localhost/en/	Fatal Error: 	Uncaught Error: Class 'ProcessWire\AIOM' not found in C:\My workspace\processwire-dev\site\templates\includes\head.inc:38 Stack trace: #0 C:\My workspace\processwire-dev\site\assets\cache\FileCompiler\site\templates\home.php(8): include() #1 C:\My workspace\processwire-dev\wire\core\TemplateFile.php(287): require('C:\\My workspace...') #2 C:\My workspace\processwire-dev\wire\core\Wire.php(380): ProcessWire\TemplateFile->___render() #3 C:\My workspace\processwire-dev\wire\core\WireHooks.php(733): ProcessWire\Wire->_callMethod('___render', Array) #4 C:\My workspace\processwire-dev\wire\core\Wire.php(442): ProcessWire\WireHooks->runHooks(Object(ProcessWire\TemplateFile), 'render', Array) #5 C:\My workspace\processwire-dev\wire\modules\PageRender.module(514): ProcessWire\Wire->__call('render', Array) #6 C:\My workspace\processwire-dev\wire\core\Wire.php(383): ProcessWire\PageRender->___renderPage(Object(ProcessWire\HookEvent)) #7 C:\My workspace\processwire-dev\wire\core\WireHooks.php(733): ProcessWire\Wire->_cal (line 38 of C:\My workspace\processwire-dev\site\templates\includes\head.inc)
2019-06-09 00:12:31	admin	http://localhost/en/	Fatal Error: 	Uncaught Error: Class 'ProcessWire\AIOM' not found in C:\My workspace\processwire-dev\site\templates\includes\head.inc:38 Stack trace: #0 C:\My workspace\processwire-dev\site\assets\cache\FileCompiler\site\templates\home.php(8): include() #1 C:\My workspace\processwire-dev\wire\core\TemplateFile.php(287): require('C:\\My workspace...') #2 C:\My workspace\processwire-dev\wire\core\Wire.php(380): ProcessWire\TemplateFile->___render() #3 C:\My workspace\processwire-dev\wire\core\WireHooks.php(733): ProcessWire\Wire->_callMethod('___render', Array) #4 C:\My workspace\processwire-dev\wire\core\Wire.php(442): ProcessWire\WireHooks->runHooks(Object(ProcessWire\TemplateFile), 'render', Array) #5 C:\My workspace\processwire-dev\wire\modules\PageRender.module(514): ProcessWire\Wire->__call('render', Array) #6 C:\My workspace\processwire-dev\wire\core\Wire.php(383): ProcessWire\PageRender->___renderPage(Object(ProcessWire\HookEvent)) #7 C:\My workspace\processwire-dev\wire\core\WireHooks.php(733): ProcessWire\Wire->_cal (line 38 of C:\My workspace\processwire-dev\site\templates\includes\head.inc)
2019-06-09 00:13:18	admin	http://localhost/en/	Fatal Error: 	Uncaught Error: Class 'ProcessWire\AIOM' not found in C:\My workspace\processwire-dev\site\templates\includes\head.inc:38 Stack trace: #0 C:\My workspace\processwire-dev\site\assets\cache\FileCompiler\site\templates\home.php(8): include() #1 C:\My workspace\processwire-dev\wire\core\TemplateFile.php(287): require('C:\\My workspace...') #2 C:\My workspace\processwire-dev\wire\core\Wire.php(380): ProcessWire\TemplateFile->___render() #3 C:\My workspace\processwire-dev\wire\core\WireHooks.php(733): ProcessWire\Wire->_callMethod('___render', Array) #4 C:\My workspace\processwire-dev\wire\core\Wire.php(442): ProcessWire\WireHooks->runHooks(Object(ProcessWire\TemplateFile), 'render', Array) #5 C:\My workspace\processwire-dev\wire\modules\PageRender.module(514): ProcessWire\Wire->__call('render', Array) #6 C:\My workspace\processwire-dev\wire\core\Wire.php(383): ProcessWire\PageRender->___renderPage(Object(ProcessWire\HookEvent)) #7 C:\My workspace\processwire-dev\wire\core\WireHooks.php(733): ProcessWire\Wire->_cal (line 38 of C:\My workspace\processwire-dev\site\templates\includes\head.inc)
2019-06-09 00:13:48	admin	http://localhost/en/	Fatal Error: 	Uncaught Error: Class 'ProcessWire\AIOM' not found in C:\My workspace\processwire-dev\site\templates\includes\head.inc:38 Stack trace: #0 C:\My workspace\processwire-dev\site\assets\cache\FileCompiler\site\templates\home.php(8): include() #1 C:\My workspace\processwire-dev\wire\core\TemplateFile.php(287): require('C:\\My workspace...') #2 C:\My workspace\processwire-dev\wire\core\Wire.php(380): ProcessWire\TemplateFile->___render() #3 C:\My workspace\processwire-dev\wire\core\WireHooks.php(733): ProcessWire\Wire->_callMethod('___render', Array) #4 C:\My workspace\processwire-dev\wire\core\Wire.php(442): ProcessWire\WireHooks->runHooks(Object(ProcessWire\TemplateFile), 'render', Array) #5 C:\My workspace\processwire-dev\wire\modules\PageRender.module(514): ProcessWire\Wire->__call('render', Array) #6 C:\My workspace\processwire-dev\wire\core\Wire.php(383): ProcessWire\PageRender->___renderPage(Object(ProcessWire\HookEvent)) #7 C:\My workspace\processwire-dev\wire\core\WireHooks.php(733): ProcessWire\Wire->_cal (line 38 of C:\My workspace\processwire-dev\site\templates\includes\head.inc)
2019-06-09 00:43:42	admin	http://localhost/en/	Parse Error: 	syntax error, unexpected end of file (line 9 of C:\My workspace\processwire-dev\site\templates\includes\featured_partner.inc)
2019-06-09 00:43:53	admin	http://localhost/en/	Parse Error: 	syntax error, unexpected end of file (line 10 of C:\My workspace\processwire-dev\site\templates\includes\featured_partner.inc)
2019-06-09 00:44:07	admin	http://localhost/en/	Parse Error: 	syntax error, unexpected '$data' (T_VARIABLE), expecting ';' (line 8 of C:\My workspace\processwire-dev\site\templates\includes\featured_partner.inc)
2019-06-09 00:44:17	admin	http://localhost/en/	Parse Error: 	syntax error, unexpected 'endforeach' (T_ENDFOREACH) (line 7 of C:\My workspace\processwire-dev\site\templates\includes\featured_partner.inc)
2019-06-09 01:20:46	admin	http://localhost/en/	Parse Error: 	syntax error, unexpected '$data' (T_VARIABLE) (line 102 of C:\My workspace\processwire-dev\site\assets\cache\FileCompiler\site\templates\home.php)
2019-06-09 01:21:02	admin	http://localhost/en/	Parse Error: 	syntax error, unexpected '$data' (T_VARIABLE) (line 108 of C:\My workspace\processwire-dev\site\assets\cache\FileCompiler\site\templates\home.php)
2019-06-09 01:21:45	admin	http://localhost/en/	Parse Error: 	syntax error, unexpected '$data' (T_VARIABLE) (line 108 of C:\My workspace\processwire-dev\site\assets\cache\FileCompiler\site\templates\home.php)
2019-06-09 01:24:03	admin	http://localhost/en/	Parse Error: 	syntax error, unexpected '$data' (T_VARIABLE) (line 102 of C:\My workspace\processwire-dev\site\assets\cache\FileCompiler\site\templates\home.php)
2019-06-12 15:53:39	guest	http://localhost/	Error: 	Exception: Method Page::localUrl does not exist or is not callable in this context (in C:\My workspace\processwire-dev\wire\core\Wire.php line 519)
2019-06-12 15:54:01	guest	http://localhost/	Error: 	Exception: Method Page::localUrl does not exist or is not callable in this context (in C:\My workspace\processwire-dev\wire\core\Wire.php line 519)
2019-06-12 16:12:13	admin	http://localhost/	Error: 	Exception: Method Page::localUrl does not exist or is not callable in this context (in C:\My workspace\processwire-dev\wire\core\Wire.php line 519)  #0 C:\My workspace\processwire-dev\wire\core\Page.php(1849): ProcessWire\Wire->___callUnknown('localUrl', Array) #1 C:\My workspace\processwire-dev\wire\core\Wire.php(386): ProcessWire\Page->___callUnknown('localUrl', Array) #2 C:\My workspace\processwire-dev\wire\core\WireHooks.php(733): ProcessWire\Wire->_callMethod('___callUnknown', Array) #3 C:\My workspace\processwire-dev\wire\core\Wire.php(442): ProcessWire\WireHooks->runHooks(Object(ProcessWire\Page), 'callUnknown', Array) #4 C:\My workspace\processwire-dev\wire\core\Wire.php(445): ProcessWire\Wire->__call('callUnknown', Array) #5 C:\My workspace\processwire-dev\site\templates\includes\head.inc(84): ProcessWire\Wire->__call('localUrl', Array) #6 C:\My workspace\processwire-dev\site\assets\cache\FileCompiler\site\templates\home.php(8): include('C:\\My workspace...') #7 C:\My workspace\processwire-dev\wire\c
2019-06-12 16:13:02	admin	http://localhost/	Error: 	Exception: Method Page::localUrl does not exist or is not callable in this context (in C:\My workspace\processwire-dev\wire\core\Wire.php line 519)  #0 C:\My workspace\processwire-dev\wire\core\Page.php(1849): ProcessWire\Wire->___callUnknown('localUrl', Array) #1 C:\My workspace\processwire-dev\wire\core\Wire.php(386): ProcessWire\Page->___callUnknown('localUrl', Array) #2 C:\My workspace\processwire-dev\wire\core\WireHooks.php(733): ProcessWire\Wire->_callMethod('___callUnknown', Array) #3 C:\My workspace\processwire-dev\wire\core\Wire.php(442): ProcessWire\WireHooks->runHooks(Object(ProcessWire\Page), 'callUnknown', Array) #4 C:\My workspace\processwire-dev\wire\core\Wire.php(445): ProcessWire\Wire->__call('callUnknown', Array) #5 C:\My workspace\processwire-dev\site\templates\includes\head.inc(84): ProcessWire\Wire->__call('localUrl', Array) #6 C:\My workspace\processwire-dev\site\assets\cache\FileCompiler\site\templates\home.php(8): include('C:\\My workspace...') #7 C:\My workspace\processwire-dev\wire\c
2019-06-12 16:13:07	admin	http://localhost/	Error: 	Exception: Method Page::localUrl does not exist or is not callable in this context (in C:\My workspace\processwire-dev\wire\core\Wire.php line 519)  #0 C:\My workspace\processwire-dev\wire\core\Page.php(1849): ProcessWire\Wire->___callUnknown('localUrl', Array) #1 C:\My workspace\processwire-dev\wire\core\Wire.php(386): ProcessWire\Page->___callUnknown('localUrl', Array) #2 C:\My workspace\processwire-dev\wire\core\WireHooks.php(733): ProcessWire\Wire->_callMethod('___callUnknown', Array) #3 C:\My workspace\processwire-dev\wire\core\Wire.php(442): ProcessWire\WireHooks->runHooks(Object(ProcessWire\Page), 'callUnknown', Array) #4 C:\My workspace\processwire-dev\wire\core\Wire.php(445): ProcessWire\Wire->__call('callUnknown', Array) #5 C:\My workspace\processwire-dev\site\templates\includes\head.inc(84): ProcessWire\Wire->__call('localUrl', Array) #6 C:\My workspace\processwire-dev\site\assets\cache\FileCompiler\site\templates\home.php(8): include('C:\\My workspace...') #7 C:\My workspace\processwire-dev\wire\c
2019-06-12 16:13:08	admin	http://localhost/	Error: 	Exception: Method Page::localUrl does not exist or is not callable in this context (in C:\My workspace\processwire-dev\wire\core\Wire.php line 519)  #0 C:\My workspace\processwire-dev\wire\core\Page.php(1849): ProcessWire\Wire->___callUnknown('localUrl', Array) #1 C:\My workspace\processwire-dev\wire\core\Wire.php(386): ProcessWire\Page->___callUnknown('localUrl', Array) #2 C:\My workspace\processwire-dev\wire\core\WireHooks.php(733): ProcessWire\Wire->_callMethod('___callUnknown', Array) #3 C:\My workspace\processwire-dev\wire\core\Wire.php(442): ProcessWire\WireHooks->runHooks(Object(ProcessWire\Page), 'callUnknown', Array) #4 C:\My workspace\processwire-dev\wire\core\Wire.php(445): ProcessWire\Wire->__call('callUnknown', Array) #5 C:\My workspace\processwire-dev\site\templates\includes\head.inc(84): ProcessWire\Wire->__call('localUrl', Array) #6 C:\My workspace\processwire-dev\site\assets\cache\FileCompiler\site\templates\home.php(8): include('C:\\My workspace...') #7 C:\My workspace\processwire-dev\wire\c
2019-06-12 16:13:11	admin	http://localhost/	Error: 	Exception: Method Page::localUrl does not exist or is not callable in this context (in C:\My workspace\processwire-dev\wire\core\Wire.php line 519)  #0 C:\My workspace\processwire-dev\wire\core\Page.php(1849): ProcessWire\Wire->___callUnknown('localUrl', Array) #1 C:\My workspace\processwire-dev\wire\core\Wire.php(386): ProcessWire\Page->___callUnknown('localUrl', Array) #2 C:\My workspace\processwire-dev\wire\core\WireHooks.php(733): ProcessWire\Wire->_callMethod('___callUnknown', Array) #3 C:\My workspace\processwire-dev\wire\core\Wire.php(442): ProcessWire\WireHooks->runHooks(Object(ProcessWire\Page), 'callUnknown', Array) #4 C:\My workspace\processwire-dev\wire\core\Wire.php(445): ProcessWire\Wire->__call('callUnknown', Array) #5 C:\My workspace\processwire-dev\site\templates\includes\head.inc(84): ProcessWire\Wire->__call('localUrl', Array) #6 C:\My workspace\processwire-dev\site\assets\cache\FileCompiler\site\templates\home.php(8): include('C:\\My workspace...') #7 C:\My workspace\processwire-dev\wire\c
2019-06-12 16:13:12	admin	http://localhost/	Error: 	Exception: Method Page::localUrl does not exist or is not callable in this context (in C:\My workspace\processwire-dev\wire\core\Wire.php line 519)  #0 C:\My workspace\processwire-dev\wire\core\Page.php(1849): ProcessWire\Wire->___callUnknown('localUrl', Array) #1 C:\My workspace\processwire-dev\wire\core\Wire.php(386): ProcessWire\Page->___callUnknown('localUrl', Array) #2 C:\My workspace\processwire-dev\wire\core\WireHooks.php(733): ProcessWire\Wire->_callMethod('___callUnknown', Array) #3 C:\My workspace\processwire-dev\wire\core\Wire.php(442): ProcessWire\WireHooks->runHooks(Object(ProcessWire\Page), 'callUnknown', Array) #4 C:\My workspace\processwire-dev\wire\core\Wire.php(445): ProcessWire\Wire->__call('callUnknown', Array) #5 C:\My workspace\processwire-dev\site\templates\includes\head.inc(84): ProcessWire\Wire->__call('localUrl', Array) #6 C:\My workspace\processwire-dev\site\assets\cache\FileCompiler\site\templates\home.php(8): include('C:\\My workspace...') #7 C:\My workspace\processwire-dev\wire\c
2019-06-12 16:13:12	admin	http://localhost/	Error: 	Exception: Method Page::localUrl does not exist or is not callable in this context (in C:\My workspace\processwire-dev\wire\core\Wire.php line 519)  #0 C:\My workspace\processwire-dev\wire\core\Page.php(1849): ProcessWire\Wire->___callUnknown('localUrl', Array) #1 C:\My workspace\processwire-dev\wire\core\Wire.php(386): ProcessWire\Page->___callUnknown('localUrl', Array) #2 C:\My workspace\processwire-dev\wire\core\WireHooks.php(733): ProcessWire\Wire->_callMethod('___callUnknown', Array) #3 C:\My workspace\processwire-dev\wire\core\Wire.php(442): ProcessWire\WireHooks->runHooks(Object(ProcessWire\Page), 'callUnknown', Array) #4 C:\My workspace\processwire-dev\wire\core\Wire.php(445): ProcessWire\Wire->__call('callUnknown', Array) #5 C:\My workspace\processwire-dev\site\templates\includes\head.inc(84): ProcessWire\Wire->__call('localUrl', Array) #6 C:\My workspace\processwire-dev\site\assets\cache\FileCompiler\site\templates\home.php(8): include('C:\\My workspace...') #7 C:\My workspace\processwire-dev\wire\c
2019-06-12 16:15:39	admin	http://localhost/	Error: 	Exception: Method Page::localUrl does not exist or is not callable in this context (in C:\My workspace\processwire-dev\wire\core\Wire.php line 519)  #0 C:\My workspace\processwire-dev\wire\core\Page.php(1849): ProcessWire\Wire->___callUnknown('localUrl', Array) #1 C:\My workspace\processwire-dev\wire\core\Wire.php(386): ProcessWire\Page->___callUnknown('localUrl', Array) #2 C:\My workspace\processwire-dev\wire\core\WireHooks.php(733): ProcessWire\Wire->_callMethod('___callUnknown', Array) #3 C:\My workspace\processwire-dev\wire\core\Wire.php(442): ProcessWire\WireHooks->runHooks(Object(ProcessWire\Page), 'callUnknown', Array) #4 C:\My workspace\processwire-dev\wire\core\Wire.php(445): ProcessWire\Wire->__call('callUnknown', Array) #5 C:\My workspace\processwire-dev\site\templates\includes\head.inc(84): ProcessWire\Wire->__call('localUrl', Array) #6 C:\My workspace\processwire-dev\site\assets\cache\FileCompiler\site\templates\home.php(8): include('C:\\My workspace...') #7 C:\My workspace\processwire-dev\wire\c
2019-06-12 16:15:41	admin	http://localhost/	Error: 	Exception: Method Page::localUrl does not exist or is not callable in this context (in C:\My workspace\processwire-dev\wire\core\Wire.php line 519)  #0 C:\My workspace\processwire-dev\wire\core\Page.php(1849): ProcessWire\Wire->___callUnknown('localUrl', Array) #1 C:\My workspace\processwire-dev\wire\core\Wire.php(386): ProcessWire\Page->___callUnknown('localUrl', Array) #2 C:\My workspace\processwire-dev\wire\core\WireHooks.php(733): ProcessWire\Wire->_callMethod('___callUnknown', Array) #3 C:\My workspace\processwire-dev\wire\core\Wire.php(442): ProcessWire\WireHooks->runHooks(Object(ProcessWire\Page), 'callUnknown', Array) #4 C:\My workspace\processwire-dev\wire\core\Wire.php(445): ProcessWire\Wire->__call('callUnknown', Array) #5 C:\My workspace\processwire-dev\site\templates\includes\head.inc(84): ProcessWire\Wire->__call('localUrl', Array) #6 C:\My workspace\processwire-dev\site\assets\cache\FileCompiler\site\templates\home.php(8): include('C:\\My workspace...') #7 C:\My workspace\processwire-dev\wire\c
2019-06-12 16:15:42	admin	http://localhost/	Error: 	Exception: Method Page::localUrl does not exist or is not callable in this context (in C:\My workspace\processwire-dev\wire\core\Wire.php line 519)  #0 C:\My workspace\processwire-dev\wire\core\Page.php(1849): ProcessWire\Wire->___callUnknown('localUrl', Array) #1 C:\My workspace\processwire-dev\wire\core\Wire.php(386): ProcessWire\Page->___callUnknown('localUrl', Array) #2 C:\My workspace\processwire-dev\wire\core\WireHooks.php(733): ProcessWire\Wire->_callMethod('___callUnknown', Array) #3 C:\My workspace\processwire-dev\wire\core\Wire.php(442): ProcessWire\WireHooks->runHooks(Object(ProcessWire\Page), 'callUnknown', Array) #4 C:\My workspace\processwire-dev\wire\core\Wire.php(445): ProcessWire\Wire->__call('callUnknown', Array) #5 C:\My workspace\processwire-dev\site\templates\includes\head.inc(84): ProcessWire\Wire->__call('localUrl', Array) #6 C:\My workspace\processwire-dev\site\assets\cache\FileCompiler\site\templates\home.php(8): include('C:\\My workspace...') #7 C:\My workspace\processwire-dev\wire\c
2019-06-12 16:16:03	admin	http://localhost/	Error: 	Exception: Method Page::localUrl does not exist or is not callable in this context (in C:\My workspace\processwire-dev\wire\core\Wire.php line 519)  #0 C:\My workspace\processwire-dev\wire\core\Page.php(1849): ProcessWire\Wire->___callUnknown('localUrl', Array) #1 C:\My workspace\processwire-dev\wire\core\Wire.php(386): ProcessWire\Page->___callUnknown('localUrl', Array) #2 C:\My workspace\processwire-dev\wire\core\WireHooks.php(733): ProcessWire\Wire->_callMethod('___callUnknown', Array) #3 C:\My workspace\processwire-dev\wire\core\Wire.php(442): ProcessWire\WireHooks->runHooks(Object(ProcessWire\Page), 'callUnknown', Array) #4 C:\My workspace\processwire-dev\wire\core\Wire.php(445): ProcessWire\Wire->__call('callUnknown', Array) #5 C:\My workspace\processwire-dev\site\templates\includes\head.inc(84): ProcessWire\Wire->__call('localUrl', Array) #6 C:\My workspace\processwire-dev\site\assets\cache\FileCompiler\site\templates\home.php(8): include('C:\\My workspace...') #7 C:\My workspace\processwire-dev\wire\c
2019-06-12 18:14:08	admin	http://localhost/	Parse Error: 	syntax error, unexpected '?>' (line 37 of C:\My workspace\processwire-dev\site\assets\cache\FileCompiler\site\templates\home.php)
2019-06-12 18:14:19	admin	http://localhost/	Parse Error: 	syntax error, unexpected '?>' (line 37 of C:\My workspace\processwire-dev\site\assets\cache\FileCompiler\site\templates\home.php)
2019-06-12 18:14:38	admin	http://localhost/	Parse Error: 	syntax error, unexpected '?>' (line 37 of C:\My workspace\processwire-dev\site\assets\cache\FileCompiler\site\templates\home.php)
2019-06-12 18:15:31	admin	http://localhost/	Parse Error: 	syntax error, unexpected '?>' (line 37 of C:\My workspace\processwire-dev\site\assets\cache\FileCompiler\site\templates\home.php)
2019-06-12 18:15:32	admin	http://localhost/	Parse Error: 	syntax error, unexpected '?>' (line 37 of C:\My workspace\processwire-dev\site\assets\cache\FileCompiler\site\templates\home.php)
2019-06-12 18:15:32	admin	http://localhost/	Parse Error: 	syntax error, unexpected '?>' (line 37 of C:\My workspace\processwire-dev\site\assets\cache\FileCompiler\site\templates\home.php)
2019-06-12 18:15:36	admin	http://localhost/	Parse Error: 	syntax error, unexpected '?>' (line 37 of C:\My workspace\processwire-dev\site\assets\cache\FileCompiler\site\templates\home.php)
2019-06-12 18:38:02	admin	http://localhost/	Parse Error: 	syntax error, unexpected '<', expecting end of file (line 34 of C:\My workspace\processwire-dev\site\assets\cache\FileCompiler\site\templates\home.php)
2019-06-17 11:27:35	admin	http://localhost/job/	Parse Error: 	syntax error, unexpected '$' (line 23 of C:\My workspace\processwire-dev\site\assets\cache\FileCompiler\site\templates\job_overview.php)
2019-06-19 12:41:33	admin	http://localhost/admin/setup/field/save	SQLSTATE[42S02]: Base table or view not found: 1146 Table 'paltron.field_careerteam_rating' doesn't exist
2019-06-19 12:45:45	admin	http://localhost/admin/setup/field/save	SQLSTATE[42S02]: Base table or view not found: 1146 Table 'paltron.field_rating' doesn't exist
2019-06-19 12:57:57	admin	http://localhost/admin/setup/field/save	SQLSTATE[42S02]: Base table or view not found: 1146 Table 'paltron.field_rating' doesn't exist
2019-06-19 13:05:32	admin	http://localhost/admin/setup/field/save	SQLSTATE[42S02]: Base table or view not found: 1146 Table 'paltron.field_rating' doesn't exist
2019-06-19 13:18:07	admin	http://localhost/job/detail/	Fatal Error: 	Uncaught Error: Call to a member function renderAll() on int in C:\My workspace\processwire-dev\site\assets\cache\FileCompiler\site\templates\job.php:105 Stack trace: #0 C:\My workspace\processwire-dev\wire\core\TemplateFile.php(287): require() #1 C:\My workspace\processwire-dev\wire\core\Wire.php(380): ProcessWire\TemplateFile->___render() #2 C:\My workspace\processwire-dev\wire\core\WireHooks.php(733): ProcessWire\Wire->_callMethod('___render', Array) #3 C:\My workspace\processwire-dev\wire\core\Wire.php(442): ProcessWire\WireHooks->runHooks(Object(ProcessWire\TemplateFile), 'render', Array) #4 C:\My workspace\processwire-dev\wire\modules\PageRender.module(514): ProcessWire\Wire->__call('render', Array) #5 C:\My workspace\processwire-dev\wire\core\Wire.php(383): ProcessWire\PageRender->___renderPage(Object(ProcessWire\HookEvent)) #6 C:\My workspace\processwire-dev\wire\core\WireHooks.php(733): ProcessWire\Wire->_callMethod('___renderPage', Array) #7 C:\My workspace\processwire-dev\wire\core\Wire.php(442): P (line 105 of C:\My workspace\processwire-dev\site\assets\cache\FileCompiler\site\templates\job.php)
2019-06-19 13:18:34	admin	http://localhost/job/detail/	Fatal Error: 	Uncaught Error: Call to a member function render() on int in C:\My workspace\processwire-dev\site\assets\cache\FileCompiler\site\templates\job.php:105 Stack trace: #0 C:\My workspace\processwire-dev\wire\core\TemplateFile.php(287): require() #1 C:\My workspace\processwire-dev\wire\core\Wire.php(380): ProcessWire\TemplateFile->___render() #2 C:\My workspace\processwire-dev\wire\core\WireHooks.php(733): ProcessWire\Wire->_callMethod('___render', Array) #3 C:\My workspace\processwire-dev\wire\core\Wire.php(442): ProcessWire\WireHooks->runHooks(Object(ProcessWire\TemplateFile), 'render', Array) #4 C:\My workspace\processwire-dev\wire\modules\PageRender.module(514): ProcessWire\Wire->__call('render', Array) #5 C:\My workspace\processwire-dev\wire\core\Wire.php(383): ProcessWire\PageRender->___renderPage(Object(ProcessWire\HookEvent)) #6 C:\My workspace\processwire-dev\wire\core\WireHooks.php(733): ProcessWire\Wire->_callMethod('___renderPage', Array) #7 C:\My workspace\processwire-dev\wire\core\Wire.php(442): Proc (line 105 of C:\My workspace\processwire-dev\site\assets\cache\FileCompiler\site\templates\job.php)
2019-06-21 10:59:51	guest	http://localhost/	Parse Error: 	syntax error, unexpected '$data' (T_VARIABLE) (line 17 of C:\My workspace\processwire-dev\site\assets\cache\FileCompiler\site\templates\home.php)
2019-06-21 11:00:01	guest	http://localhost/	Parse Error: 	syntax error, unexpected '$data' (T_VARIABLE) (line 17 of C:\My workspace\processwire-dev\site\assets\cache\FileCompiler\site\templates\home.php)
2019-06-21 11:00:21	guest	http://localhost/	Parse Error: 	syntax error, unexpected '$data' (T_VARIABLE) (line 17 of C:\My workspace\processwire-dev\site\assets\cache\FileCompiler\site\templates\home.php)
2019-06-21 11:00:23	guest	http://localhost/	Parse Error: 	syntax error, unexpected '$data' (T_VARIABLE) (line 17 of C:\My workspace\processwire-dev\site\assets\cache\FileCompiler\site\templates\home.php)
2019-06-21 11:00:28	guest	http://localhost/	Parse Error: 	syntax error, unexpected '$data' (T_VARIABLE) (line 17 of C:\My workspace\processwire-dev\site\assets\cache\FileCompiler\site\templates\home.php)
2019-06-21 11:01:17	guest	http://localhost/	Parse Error: 	syntax error, unexpected '$data' (T_VARIABLE) (line 17 of C:\My workspace\processwire-dev\site\assets\cache\FileCompiler\site\templates\home.php)
